This file contains any messages produced by compilers while
running configure, to aid debugging if configure makes a mistake.

It was created by ta-lib configure 0.4.0, which was
generated by GNU Autoconf 2.61.  Invocation command line was

  $ ./configure 

## --------- ##
## Platform. ##
## --------- ##

hostname = HSWui-MacBook-Pro-2.local
uname -m = x86_64
uname -r = 15.6.0
uname -s = Darwin
uname -v = Darwin Kernel Version 15.6.0: Mon Nov 13 21:58:35 PST 2017; root:xnu-3248.72.11~1/RELEASE_X86_64

/usr/bin/uname -p = i386
/bin/uname -X     = unknown

/bin/arch              = unknown
/usr/bin/arch -k       = unknown
/usr/convex/getsysinfo = unknown
/usr/bin/hostinfo      = Mach kernel version:
	 Darwin Kernel Version 15.6.0: Mon Nov 13 21:58:35 PST 2017; root:xnu-3248.72.11~1/RELEASE_X86_64
Kernel configured for up to 4 processors.
2 processors are physically available.
4 processors are logically available.
Processor type: i486 (Intel 80486)
Processors active: 0 1 2 3
Primary memory available: 4.00 gigabytes
Default processor set: 235 tasks, 1123 threads, 4 processors
Load average: 2.48, Mach factor: 1.53
/bin/machine           = unknown
/usr/bin/oslevel       = unknown
/bin/universe          = unknown

PATH: /usr/local/Cellar/erlang/20.2.2/lib/erlang/erts-9.2/bin
PATH: /usr/local/Cellar/erlang/20.2.2/lib/erlang/bin
PATH: /opt/local/bin
PATH: /opt/local/sbin
PATH: /Users/hsw/.yarn/bin
PATH: /usr/local/bin/
PATH: /Users/hsw/Library/Android/sdk/platform-tools
PATH: /Users/hsw/.asdf/bin
PATH: /Users/hsw/.asdf/shims
PATH: /Users/hsw/.asdf/bin
PATH: /Users/hsw/.asdf/shims
PATH: /usr/local/bin
PATH: /usr/bin
PATH: /bin
PATH: /usr/sbin
PATH: /sbin
PATH: /usr/local/opt/mysql/bin


## ----------- ##
## Core tests. ##
## ----------- ##

configure:1987: checking for a BSD-compatible install
configure:2043: result: /usr/bin/install -c
configure:2054: checking whether build environment is sane
configure:2097: result: yes
configure:2125: checking for a thread-safe mkdir -p
configure:2164: result: ./install-sh -c -d
configure:2177: checking for gawk
configure:2207: result: no
configure:2177: checking for mawk
configure:2207: result: no
configure:2177: checking for nawk
configure:2207: result: no
configure:2177: checking for awk
configure:2193: found /usr/bin/awk
configure:2204: result: awk
configure:2215: checking whether make sets $(MAKE)
configure:2236: result: yes
configure:2474: checking for gcc
configure:2490: found /usr/bin/gcc
configure:2501: result: gcc
configure:2739: checking for C compiler version
configure:2746: gcc --version >&5
Configured with: --prefix=/Applications/Xcode.app/Contents/Developer/usr --with-gxx-include-dir=/usr/include/c++/4.2.1
Apple LLVM version 8.0.0 (clang-800.0.42.1)
Target: x86_64-apple-darwin15.6.0
Thread model: posix
InstalledDir: /Applications/Xcode.app/Contents/Developer/Toolchains/XcodeDefault.xctoolchain/usr/bin
configure:2749: $? = 0
configure:2756: gcc -v >&5
Configured with: --prefix=/Applications/Xcode.app/Contents/Developer/usr --with-gxx-include-dir=/usr/include/c++/4.2.1
Apple LLVM version 8.0.0 (clang-800.0.42.1)
Target: x86_64-apple-darwin15.6.0
Thread model: posix
InstalledDir: /Applications/Xcode.app/Contents/Developer/Toolchains/XcodeDefault.xctoolchain/usr/bin
configure:2759: $? = 0
configure:2766: gcc -V >&5
clang: error: argument to '-V' is missing (expected 1 value)
clang: error: no input files
configure:2769: $? = 1
configure:2792: checking for C compiler default output file name
configure:2819: gcc    conftest.c  >&5
configure:2822: $? = 0
configure:2860: result: a.out
configure:2877: checking whether the C compiler works
configure:2887: ./a.out
configure:2890: $? = 0
configure:2907: result: yes
configure:2914: checking whether we are cross compiling
configure:2916: result: no
configure:2919: checking for suffix of executables
configure:2926: gcc -o conftest    conftest.c  >&5
configure:2929: $? = 0
configure:2953: result: 
configure:2959: checking for suffix of object files
configure:2985: gcc -c   conftest.c >&5
configure:2988: $? = 0
configure:3011: result: o
configure:3015: checking whether we are using the GNU C compiler
configure:3044: gcc -c   conftest.c >&5
configure:3050: $? = 0
configure:3067: result: yes
configure:3072: checking whether gcc accepts -g
configure:3102: gcc -c -g  conftest.c >&5
configure:3108: $? = 0
configure:3207: result: yes
configure:3224: checking for gcc option to accept ISO C89
configure:3298: gcc  -c -g -O2  conftest.c >&5
configure:3304: $? = 0
configure:3327: result: none needed
configure:3356: checking for style of include used by make
configure:3384: result: GNU
configure:3409: checking dependency style of gcc
configure:3500: result: gcc3
configure:3593: checking build system type
configure:3611: result: i386-apple-darwin15.6.0
configure:3633: checking host system type
configure:3648: result: i386-apple-darwin15.6.0
configure:3670: checking for a sed that does not truncate output
configure:3724: result: /usr/bin/sed
configure:3727: checking for grep that handles long lines and -e
configure:3801: result: /usr/bin/grep
configure:3806: checking for egrep
configure:3884: result: /usr/bin/grep -E
configure:3900: checking for ld used by gcc
configure:3967: result: /Applications/Xcode.app/Contents/Developer/Toolchains/XcodeDefault.xctoolchain/usr/bin/ld
configure:3976: checking if the linker (/Applications/Xcode.app/Contents/Developer/Toolchains/XcodeDefault.xctoolchain/usr/bin/ld) is GNU ld
configure:3991: result: no
configure:3996: checking for /Applications/Xcode.app/Contents/Developer/Toolchains/XcodeDefault.xctoolchain/usr/bin/ld option to reload object files
configure:4003: result: -r
configure:4021: checking for BSD-compatible nm
configure:4070: result: /usr/bin/nm -B
configure:4074: checking whether ln -s works
configure:4078: result: yes
configure:4085: checking how to recognise dependent libraries
configure:4261: result: pass_all
configure:4495: checking how to run the C preprocessor
configure:4535: gcc -E  conftest.c
configure:4541: $? = 0
configure:4572: gcc -E  conftest.c
conftest.c:10:10: fatal error: 'ac_nonexistent.h' file not found
#include <ac_nonexistent.h>
         ^
1 error generated.
configure:4578: $? = 1
configure: failed program was:
| /* confdefs.h.  */
| #define PACKAGE_NAME "ta-lib"
| #define PACKAGE_TARNAME "ta-lib"
| #define PACKAGE_VERSION "0.4.0"
| #define PACKAGE_STRING "ta-lib 0.4.0"
| #define PACKAGE_BUGREPORT "http://sourceforge.net/tracker/?group_id=8903&atid=108903"
| #define PACKAGE "ta-lib"
| #define VERSION "0.4.0"
| /* end confdefs.h.  */
| #include <ac_nonexistent.h>
configure:4611: result: gcc -E
configure:4640: gcc -E  conftest.c
configure:4646: $? = 0
configure:4677: gcc -E  conftest.c
conftest.c:10:10: fatal error: 'ac_nonexistent.h' file not found
#include <ac_nonexistent.h>
         ^
1 error generated.
configure:4683: $? = 1
configure: failed program was:
| /* confdefs.h.  */
| #define PACKAGE_NAME "ta-lib"
| #define PACKAGE_TARNAME "ta-lib"
| #define PACKAGE_VERSION "0.4.0"
| #define PACKAGE_STRING "ta-lib 0.4.0"
| #define PACKAGE_BUGREPORT "http://sourceforge.net/tracker/?group_id=8903&atid=108903"
| #define PACKAGE "ta-lib"
| #define VERSION "0.4.0"
| /* end confdefs.h.  */
| #include <ac_nonexistent.h>
configure:4721: checking for ANSI C header files
configure:4751: gcc -c -g -O2  conftest.c >&5
configure:4757: $? = 0
configure:4856: gcc -o conftest -g -O2   conftest.c  >&5
configure:4859: $? = 0
configure:4865: ./conftest
configure:4868: $? = 0
configure:4885: result: yes
configure:4909: checking for sys/types.h
configure:4930: gcc -c -g -O2  conftest.c >&5
configure:4936: $? = 0
configure:4952: result: yes
configure:4909: checking for sys/stat.h
configure:4930: gcc -c -g -O2  conftest.c >&5
configure:4936: $? = 0
configure:4952: result: yes
configure:4909: checking for stdlib.h
configure:4930: gcc -c -g -O2  conftest.c >&5
configure:4936: $? = 0
configure:4952: result: yes
configure:4909: checking for string.h
configure:4930: gcc -c -g -O2  conftest.c >&5
configure:4936: $? = 0
configure:4952: result: yes

## ---------------- ##
## Cache variables. ##
## ---------------- ##

ac_cv_build=i386-apple-darwin15.6.0
ac_cv_c_compiler_gnu=yes
ac_cv_env_CCC_set=
ac_cv_env_CCC_value=
ac_cv_env_CC_set=
ac_cv_env_CC_value=
ac_cv_env_CFLAGS_set=
ac_cv_env_CFLAGS_value=
ac_cv_env_CPPFLAGS_set=
ac_cv_env_CPPFLAGS_value=
ac_cv_env_CPP_set=
ac_cv_env_CPP_value=
ac_cv_env_CXXCPP_set=
ac_cv_env_CXXCPP_value=
ac_cv_env_CXXFLAGS_set=
ac_cv_env_CXXFLAGS_value=
ac_cv_env_CXX_set=
ac_cv_env_CXX_value=
ac_cv_env_F77_set=
ac_cv_env_F77_value=
ac_cv_env_FFLAGS_set=
ac_cv_env_FFLAGS_value=
ac_cv_env_LDFLAGS_set=
ac_cv_env_LDFLAGS_value=
ac_cv_env_LIBS_set=
ac_cv_env_LIBS_value=
ac_cv_env_build_alias_set=
ac_cv_env_build_alias_value=
ac_cv_env_host_alias_set=
ac_cv_env_host_alias_value=
ac_cv_env_target_alias_set=
ac_cv_env_target_alias_value=
ac_cv_header_stdc=yes
ac_cv_header_stdlib_h=yes
ac_cv_header_string_h=yes
ac_cv_header_sys_stat_h=yes
ac_cv_header_sys_types_h=yes
ac_cv_host=i386-apple-darwin15.6.0
ac_cv_objext=o
ac_cv_path_EGREP='/usr/bin/grep -E'
ac_cv_path_GREP=/usr/bin/grep
ac_cv_path_install='/usr/bin/install -c'
ac_cv_prog_AWK=awk
ac_cv_prog_CPP='gcc -E'
ac_cv_prog_ac_ct_CC=gcc
ac_cv_prog_cc_c89=
ac_cv_prog_cc_g=yes
ac_cv_prog_make_make_set=yes
am_cv_CC_dependencies_compiler_type=gcc3
lt_cv_deplibs_check_method=pass_all
lt_cv_file_magic_cmd='$MAGIC_CMD'
lt_cv_file_magic_test_file=
lt_cv_ld_reload_flag=-r
lt_cv_path_LD=/Applications/Xcode.app/Contents/Developer/Toolchains/XcodeDefault.xctoolchain/usr/bin/ld
lt_cv_path_NM='/usr/bin/nm -B'
lt_cv_path_SED=/usr/bin/sed
lt_cv_prog_gnu_ld=no

## ----------------- ##
## Output variables. ##
## ----------------- ##

ACLOCAL='${SHELL} /Users/hsw/Dev/ajin_beta/lib/etalib/include/ta-lib/missing --run aclocal-1.10'
AMDEPBACKSLASH='\'
AMDEP_FALSE='#'
AMDEP_TRUE=''
AMTAR='${SHELL} /Users/hsw/Dev/ajin_beta/lib/etalib/include/ta-lib/missing --run tar'
AR=''
AUTOCONF='${SHELL} /Users/hsw/Dev/ajin_beta/lib/etalib/include/ta-lib/missing --run autoconf'
AUTOHEADER='${SHELL} /Users/hsw/Dev/ajin_beta/lib/etalib/include/ta-lib/missing --run autoheader'
AUTOMAKE='${SHELL} /Users/hsw/Dev/ajin_beta/lib/etalib/include/ta-lib/missing --run automake-1.10'
AWK='awk'
CC='gcc'
CCDEPMODE='depmode=gcc3'
CFLAGS='-g -O2'
CPP='gcc -E'
CPPFLAGS=''
CXX=''
CXXCPP=''
CXXDEPMODE=''
CXXFLAGS=''
CYGPATH_W='echo'
DEFS=''
DEPDIR='.deps'
ECHO='/bin/echo'
ECHO_C='ECHO_N=''
ECHO_T=''
EGREP='/usr/bin/grep -E'
EXEEXT=''
F77=''
FFLAGS=''
GREP='/usr/bin/grep'
INSTALL_DATA='${INSTALL} -m 644'
INSTALL_PROGRAM='${INSTALL}'
INSTALL_SCRIPT='${INSTALL}'
INSTALL_STRIP_PROGRAM='$(install_sh) -c -s'
LDFLAGS=''
LIBOBJS=''
LIBS=''
LIBTOOL=''
LN_S='ln -s'
LTLIBOBJS=''
MAKEINFO='${SHELL} /Users/hsw/Dev/ajin_beta/lib/etalib/include/ta-lib/missing --run makeinfo'
OBJEXT='o'
PACKAGE='ta-lib'
PACKAGE_BUGREPORT='http://sourceforge.net/tracker/?group_id=8903&atid=108903'
PACKAGE_NAME='ta-lib'
PACKAGE_STRING='ta-lib 0.4.0'
PACKAGE_TARNAME='ta-lib'
PACKAGE_VERSION='0.4.0'
PATH_SEPARATOR=':'
POW_LIB=''
RANLIB=''
SET_MAKE=''
SHELL='/bin/sh'
STRIP=''
TALIB_LIBRARY_VERSION=''
VERSION='0.4.0'
ac_ct_CC='gcc'
ac_ct_CXX=''
ac_ct_F77=''
am__fastdepCC_FALSE='#'
am__fastdepCC_TRUE=''
am__fastdepCXX_FALSE=''
am__fastdepCXX_TRUE=''
am__include='include'
am__isrc=''
am__leading_dot='.'
am__quote=''
am__tar='${AMTAR} chof - "$$tardir"'
am__untar='${AMTAR} xf -'
bindir='${exec_prefix}/bin'
build='i386-apple-darwin15.6.0'
build_alias=''
build_cpu='i386'
build_os='darwin15.6.0'
build_vendor='apple'
datadir='${datarootdir}'
datarootdir='${prefix}/share'
docdir='${datarootdir}/doc/${PACKAGE_TARNAME}'
dvidir='${docdir}'
exec_prefix='NONE'
host='i386-apple-darwin15.6.0'
host_alias=''
host_cpu='i386'
host_os='darwin15.6.0'
host_vendor='apple'
htmldir='${docdir}'
includedir='${prefix}/include'
infodir='${datarootdir}/info'
install_sh='$(SHELL) /Users/hsw/Dev/ajin_beta/lib/etalib/include/ta-lib/install-sh'
libdir='${exec_prefix}/lib'
libexecdir='${exec_prefix}/libexec'
localedir='${datarootdir}/locale'
localstatedir='${prefix}/var'
mandir='${datarootdir}/man'
mkdir_p='$(top_builddir)/./install-sh -c -d'
oldincludedir='/usr/include'
pdfdir='${docdir}'
prefix='NONE'
program_transform_name='s,x,x,'
psdir='${docdir}'
sbindir='${exec_prefix}/sbin'
sharedstatedir='${prefix}/com'
sysconfdir='${prefix}/etc'
target_alias=''

## ----------- ##
## confdefs.h. ##
## ----------- ##

#define PACKAGE_NAME "ta-lib"
#define PACKAGE_TARNAME "ta-lib"
#define PACKAGE_VERSION "0.4.0"
#define PACKAGE_STRING "ta-lib 0.4.0"
#define PACKAGE_BUGREPORT "http://sourceforge.net/tracker/?group_id=8903&atid=108903"
#define PACKAGE "ta-lib"
#define VERSION "0.4.0"
#define STDC_HEADERS 1
#define HAVE_SYS_TYPES_H 1
#define HAVE_SYS_STAT_H 1
#define HAVE_STDLIB_H 1

configure: caught signal 13
configure: exit 1
